<?xml version="1.0" encoding="UTF-8"?>
<!-- Generated by org.testng.reporters.JUnitReportReporter -->
<testsuite hostname="DESKTOP-CP37DLD" failures="0" tests="1" name="api.test.UserTests" time="4.106" errors="0" timestamp="2023-06-03T14:46:28 AST" skipped="0">
  <testcase classname="api.test.UserTests" name="getUserByUsernameTest" time="4.106"/>
  <system-out/>
</testsuite> <!-- api.test.UserTests -->
