<?xml version="1.0" encoding="UTF-8"?>
<!-- Generated by org.testng.reporters.JUnitReportReporter -->
<testsuite hostname="DESKTOP-CP37DLD" failures="0" tests="1" name="tests.NewTest" time="0.140" errors="0" timestamp="2023-05-30T19:48:44 AST" skipped="0">
  <testcase classname="tests.NewTest" name="f" time="0.140"/>
  <system-out/>
</testsuite> <!-- tests.NewTest -->
