<?xml version="1.0" encoding="UTF-8"?>
<!-- Generated by org.testng.reporters.JUnitReportReporter -->
<testsuite hostname="DESKTOP-CP37DLD" failures="0" tests="3" name="api.utilites.DataDrivenTest" time="0.090" errors="0" timestamp="2023-05-31T14:12:00 AST" skipped="0">
  <testcase classname="api.utilites.DataDrivenTest" name="testAPI" time="0.005"/>
  <system-out/>
  <testcase classname="api.utilites.DataDrivenTest" name="testAPI" time="0.079"/>
  <system-out/>
  <testcase classname="api.utilites.DataDrivenTest" name="testAPI" time="0.006"/>
  <system-out/>
</testsuite> <!-- api.utilites.DataDrivenTest -->
