<?xml version="1.0" encoding="UTF-8"?>
<!-- Generated by org.testng.reporters.JUnitReportReporter -->
<testsuite hostname="DESKTOP-LDBB7HE" failures="0" tests="1" name="api.test.RestfulBookTestcases" time="3.864" errors="0" timestamp="2023-08-19T17:44:53 EEST" skipped="0">
  <testcase classname="api.test.RestfulBookTestcases" name="LoginTestcase" time="3.864"/>
  <system-out/>
</testsuite> <!-- api.test.RestfulBookTestcases -->
