<?xml version="1.0" encoding="UTF-8"?>
<!-- Generated by org.testng.reporters.JUnitReportReporter -->
<testsuite hostname="DESKTOP-CP37DLD" failures="0" tests="2" name="api.test.UserTests" time="5.687" errors="0" timestamp="2023-06-03T14:51:11 AST" skipped="0">
  <testcase classname="api.test.UserTests" name="createusertests" time="3.657"/>
  <system-out/>
  <testcase classname="api.test.UserTests" name="getUserByUsernameTest" time="2.030"/>
  <system-out/>
</testsuite> <!-- api.test.UserTests -->
