<?xml version="1.0" encoding="UTF-8"?>
<!-- Generated by org.testng.reporters.JUnitReportReporter -->
<testsuite hostname="DESKTOP-LDBB7HE" failures="0" tests="1" name="api.test.StaffTestCases" time="2.886" errors="0" timestamp="2023-08-22T01:42:37 EEST" skipped="0">
  <testcase classname="api.test.StaffTestCases" name="f" time="2.886"/>
  <system-out/>
</testsuite> <!-- api.test.StaffTestCases -->
