<?xml version="1.0" encoding="UTF-8"?>
<!-- Generated by org.testng.reporters.JUnitReportReporter -->
<testsuite hostname="DESKTOP-LDBB7HE" failures="0" tests="1" name="api.test.authTests" time="4.078" errors="0" timestamp="2023-08-28T21:47:48 EEST" skipped="0">
  <testcase classname="api.test.authTests" name="sucessfulLogin" time="4.078"/>
  <system-out/>
</testsuite> <!-- api.test.authTests -->
