<?xml version="1.0" encoding="UTF-8"?>
<!-- Generated by org.testng.reporters.JUnitReportReporter -->
<testsuite hostname="DESKTOP-CP37DLD" failures="0" tests="6" name="api.test.UserTests" time="10.293" errors="0" timestamp="2023-05-31T17:59:40 AST" skipped="0">
  <testcase classname="api.test.UserTests" name="createusertests2" time="0.935"/>
  <system-out/>
  <testcase classname="api.test.UserTests" name="createusertests" time="5.935"/>
  <system-out/>
  <testcase classname="api.test.UserTests" name="createusertests3" time="0.892"/>
  <system-out/>
  <testcase classname="api.test.UserTests" name="createusertests5" time="0.822"/>
  <system-out/>
  <testcase classname="api.test.UserTests" name="createusertests6" time="0.826"/>
  <system-out/>
  <testcase classname="api.test.UserTests" name="createusertests4" time="0.883"/>
  <system-out/>
</testsuite> <!-- api.test.UserTests -->
